Assuming unrestricted shared filesystem usage.
host: DESKTOP-8FPLUCH
Building DAG of jobs...
Using shell: /usr/bin/bash
Provided cores: 1 (use --cores to define parallelism)
Rules claiming more threads will be scaled down.
Job stats:
job        count
-------  -------
bwa_map        1
total          1

Select jobs to execute...
Execute 1 jobs...
[Tue Oct 21 17:12:38 2025]
localrule bwa_map:
    input: data/genome.fa, data/samples/A.fastq
    output: mapped_reads/A.bam
    jobid: 0
    reason: Missing output files: mapped_reads/A.bam
    resources: tmpdir=/tmp
RuleException:
CalledProcessError in file "/mnt/c/Users/Mike/Downloads/thesis_workspace/snakemake-tutorial/Snakefile", line 8:
Command 'set -euo pipefail;  bwa mem (input) | samtools view -Sb - > mapped_reads/A.bam' returned non-zero exit status 2.
[Tue Oct 21 17:12:38 2025]
Error in rule bwa_map:
    message: None
    jobid: 0
    input: data/genome.fa, data/samples/A.fastq
    output: mapped_reads/A.bam
    shell:
        bwa mem (input) | samtools view -Sb - > mapped_reads/A.bam
        (command exited with non-zero exit code)
Shutting down, this might take some time.
Exiting because a job execution failed. Look below for error messages
[Tue Oct 21 17:12:38 2025]
Error in rule bwa_map:
    message: None
    jobid: 0
    input: data/genome.fa, data/samples/A.fastq
    output: mapped_reads/A.bam
    shell:
        bwa mem (input) | samtools view -Sb - > mapped_reads/A.bam
        (command exited with non-zero exit code)
Complete log(s): /mnt/c/Users/Mike/Downloads/thesis_workspace/snakemake-tutorial/.snakemake/log/2025-10-21T171237.985370.snakemake.log
WorkflowError:
At least one job did not complete successfully.
