Assuming unrestricted shared filesystem usage.
host: DESKTOP-8FPLUCH
Building DAG of jobs...
Using shell: /usr/bin/bash
Provided cores: 16
Rules claiming more threads will be scaled down.
Job stats:
job               count
--------------  -------
bcftools_call         1
bwa_map               3
plot_quals            1
samtools_index        3
samtools_sort         3
total                11

Select jobs to execute...
Failed to solve scheduling problem with ILP solver, falling back to greedy scheduler. You likely have to fix your ILP solver installation. Error message: PULP_CBC_CMD: Not Available (check permissions on cbc)
Execute 2 jobs...
[Fri Oct 24 13:29:21 2025]
localrule bwa_map:
    input: data/genome.fa, data/samples/B.fastq
    output: mapped_reads/B.bam
    log: logs/bwa_map/B.log
    jobid: 5
    reason: Code has changed since last execution
    wildcards: sample=B
    threads: 8
    resources: tmpdir=/tmp
[Fri Oct 24 13:29:22 2025]
localrule bwa_map:
    input: data/genome.fa, data/samples/C.fastq
    output: mapped_reads/C.bam
    log: logs/bwa_map/C.log
    jobid: 7
    reason: Code has changed since last execution
    wildcards: sample=C
    threads: 8
    resources: tmpdir=/tmp
[Fri Oct 24 13:29:22 2025]
Finished jobid: 5 (Rule: bwa_map)
1 of 11 steps (9%) done
Select jobs to execute...
Execute 1 jobs...
[Fri Oct 24 13:29:23 2025]
localrule bwa_map:
    input: data/genome.fa, data/samples/A.fastq
    output: mapped_reads/A.bam
    log: logs/bwa_map/A.log
    jobid: 3
    reason: Code has changed since last execution
    wildcards: sample=A
    threads: 8
    resources: tmpdir=/tmp
[Fri Oct 24 13:29:23 2025]
Finished jobid: 7 (Rule: bwa_map)
2 of 11 steps (18%) done
Select jobs to execute...
Execute 2 jobs...
[Fri Oct 24 13:29:23 2025]
localrule samtools_sort:
    input: mapped_reads/C.bam
    output: sorted_reads/C.bam
    jobid: 6
    reason: Input files updated by another job: mapped_reads/C.bam
    wildcards: sample=C
    resources: tmpdir=/tmp
[Fri Oct 24 13:29:23 2025]
localrule samtools_sort:
    input: mapped_reads/B.bam
    output: sorted_reads/B.bam
    jobid: 4
    reason: Input files updated by another job: mapped_reads/B.bam
    wildcards: sample=B
    resources: tmpdir=/tmp
[Fri Oct 24 13:29:23 2025]
Finished jobid: 6 (Rule: samtools_sort)
3 of 11 steps (27%) done
Select jobs to execute...
Execute 1 jobs...
[Fri Oct 24 13:29:23 2025]
localrule samtools_index:
    input: sorted_reads/C.bam
    output: sorted_reads/C.bam.bai
    jobid: 10
    reason: Input files updated by another job: sorted_reads/C.bam
    wildcards: sample=C
    resources: tmpdir=/tmp
[Fri Oct 24 13:29:23 2025]
Finished jobid: 4 (Rule: samtools_sort)
4 of 11 steps (36%) done
Select jobs to execute...
Execute 1 jobs...
[Fri Oct 24 13:29:23 2025]
localrule samtools_index:
    input: sorted_reads/B.bam
    output: sorted_reads/B.bam.bai
    jobid: 9
    reason: Input files updated by another job: sorted_reads/B.bam
    wildcards: sample=B
    resources: tmpdir=/tmp
[Fri Oct 24 13:29:23 2025]
Finished jobid: 10 (Rule: samtools_index)
5 of 11 steps (45%) done
[Fri Oct 24 13:29:23 2025]
Finished jobid: 3 (Rule: bwa_map)
6 of 11 steps (55%) done
Select jobs to execute...
Execute 1 jobs...
[Fri Oct 24 13:29:23 2025]
localrule samtools_sort:
    input: mapped_reads/A.bam
    output: sorted_reads/A.bam
    jobid: 2
    reason: Input files updated by another job: mapped_reads/A.bam
    wildcards: sample=A
    resources: tmpdir=/tmp
[Fri Oct 24 13:29:23 2025]
Finished jobid: 9 (Rule: samtools_index)
7 of 11 steps (64%) done
[Fri Oct 24 13:29:23 2025]
Finished jobid: 2 (Rule: samtools_sort)
8 of 11 steps (73%) done
Select jobs to execute...
Execute 1 jobs...
[Fri Oct 24 13:29:23 2025]
localrule samtools_index:
    input: sorted_reads/A.bam
    output: sorted_reads/A.bam.bai
    jobid: 8
    reason: Input files updated by another job: sorted_reads/A.bam
    wildcards: sample=A
    resources: tmpdir=/tmp
[Fri Oct 24 13:29:23 2025]
Finished jobid: 8 (Rule: samtools_index)
9 of 11 steps (82%) done
Select jobs to execute...
Execute 1 jobs...
[Fri Oct 24 13:29:23 2025]
localrule bcftools_call:
    input: data/genome.fa, sorted_reads/A.bam, sorted_reads/B.bam, sorted_reads/C.bam, sorted_reads/A.bam.bai, sorted_reads/B.bam.bai, sorted_reads/C.bam.bai
    output: calls/all.vcf
    log: logs/bcftools_call/all.log
    jobid: 1
    reason: Input files updated by another job: sorted_reads/B.bam, sorted_reads/B.bam.bai, sorted_reads/C.bam.bai, sorted_reads/A.bam.bai, sorted_reads/A.bam, sorted_reads/C.bam
    resources: tmpdir=/tmp
[Fri Oct 24 13:29:24 2025]
Finished jobid: 1 (Rule: bcftools_call)
10 of 11 steps (91%) done
Select jobs to execute...
Execute 1 jobs...
[Fri Oct 24 13:29:24 2025]
localrule plot_quals:
    input: calls/all.vcf
    output: plots/quals.svg
    jobid: 0
    reason: Input files updated by another job: calls/all.vcf
    resources: tmpdir=/tmp
[Fri Oct 24 13:29:26 2025]
Finished jobid: 0 (Rule: plot_quals)
11 of 11 steps (100%) done
Complete log(s): /mnt/c/Users/Mike/Downloads/thesis_workspace/snakemake-tutorial/.snakemake/log/2025-10-24T132920.430923.snakemake.log
