Assuming unrestricted shared filesystem usage.
host: DESKTOP-8FPLUCH
Building DAG of jobs...
Using shell: /usr/bin/bash
Provided cores: 1 (use --cores to define parallelism)
Rules claiming more threads will be scaled down.
Job stats:
job               count
--------------  -------
all                   1
bcftools_call         1
bwa_map               2
plot_quals            1
samtools_index        2
samtools_sort         2
total                 9

Select jobs to execute...
Failed to solve scheduling problem with ILP solver, falling back to greedy scheduler. You likely have to fix your ILP solver installation. Error message: PULP_CBC_CMD: Not Available (check permissions on cbc)
Execute 1 jobs...
[Thu Oct 23 20:25:06 2025]
localrule bwa_map:
    input: data/genome.fa, data/samples/B.fastq
    output: mapped_reads/B.bam
    jobid: 6
    reason: Forced execution
    wildcards: sample=B
    resources: tmpdir=/tmp
[Thu Oct 23 20:25:08 2025]
Finished jobid: 6 (Rule: bwa_map)
1 of 9 steps (11%) done
Select jobs to execute...
Execute 1 jobs...
[Thu Oct 23 20:25:08 2025]
localrule bwa_map:
    input: data/genome.fa, data/samples/A.fastq
    output: mapped_reads/A.bam
    jobid: 4
    reason: Forced execution
    wildcards: sample=A
    resources: tmpdir=/tmp
Select jobs to execute...
[Thu Oct 23 20:25:09 2025]
Finished jobid: 4 (Rule: bwa_map)
2 of 9 steps (22%) done
Execute 1 jobs...
[Thu Oct 23 20:25:09 2025]
localrule samtools_sort:
    input: mapped_reads/B.bam
    output: sorted_reads/B.bam
    jobid: 5
    reason: Missing output files: sorted_reads/B.bam; Input files updated by another job: mapped_reads/B.bam
    wildcards: sample=B
    resources: tmpdir=/tmp
Select jobs to execute...
[Thu Oct 23 20:25:09 2025]
Finished jobid: 5 (Rule: samtools_sort)
3 of 9 steps (33%) done
Execute 1 jobs...
[Thu Oct 23 20:25:09 2025]
localrule samtools_sort:
    input: mapped_reads/A.bam
    output: sorted_reads/A.bam
    jobid: 3
    reason: Missing output files: sorted_reads/A.bam; Input files updated by another job: mapped_reads/A.bam
    wildcards: sample=A
    resources: tmpdir=/tmp
Select jobs to execute...
[Thu Oct 23 20:25:09 2025]
Finished jobid: 3 (Rule: samtools_sort)
4 of 9 steps (44%) done
Execute 1 jobs...
[Thu Oct 23 20:25:09 2025]
localrule samtools_index:
    input: sorted_reads/B.bam
    output: sorted_reads/B.bam.bai
    jobid: 8
    reason: Missing output files: sorted_reads/B.bam.bai; Input files updated by another job: sorted_reads/B.bam
    wildcards: sample=B
    resources: tmpdir=/tmp
[Thu Oct 23 20:25:09 2025]
Finished jobid: 8 (Rule: samtools_index)
5 of 9 steps (56%) done
Select jobs to execute...
Execute 1 jobs...
[Thu Oct 23 20:25:09 2025]
localrule samtools_index:
    input: sorted_reads/A.bam
    output: sorted_reads/A.bam.bai
    jobid: 7
    reason: Missing output files: sorted_reads/A.bam.bai; Input files updated by another job: sorted_reads/A.bam
    wildcards: sample=A
    resources: tmpdir=/tmp
[Thu Oct 23 20:25:09 2025]
Finished jobid: 7 (Rule: samtools_index)
6 of 9 steps (67%) done
Select jobs to execute...
Execute 1 jobs...
[Thu Oct 23 20:25:09 2025]
localrule bcftools_call:
    input: data/genome.fa, sorted_reads/A.bam, sorted_reads/B.bam, sorted_reads/A.bam.bai, sorted_reads/B.bam.bai
    output: calls/all.vcf
    jobid: 2
    reason: Input files updated by another job: sorted_reads/A.bam.bai, sorted_reads/B.bam, sorted_reads/B.bam.bai, sorted_reads/A.bam
    resources: tmpdir=/tmp
[Thu Oct 23 20:25:10 2025]
Finished jobid: 2 (Rule: bcftools_call)
7 of 9 steps (78%) done
Select jobs to execute...
Execute 1 jobs...
[Thu Oct 23 20:25:10 2025]
localrule plot_quals:
    input: calls/all.vcf
    output: plots/quals.svg
    jobid: 1
    reason: Missing output files: plots/quals.svg; Input files updated by another job: calls/all.vcf
    resources: tmpdir=/tmp
[Thu Oct 23 20:25:11 2025]
Finished jobid: 1 (Rule: plot_quals)
8 of 9 steps (89%) done
Select jobs to execute...
Execute 1 jobs...
[Thu Oct 23 20:25:11 2025]
localrule all:
    input: plots/quals.svg
    jobid: 0
    reason: Input files updated by another job: plots/quals.svg
    resources: tmpdir=/tmp
[Thu Oct 23 20:25:11 2025]
Finished jobid: 0 (Rule: all)
9 of 9 steps (100%) done
Complete log(s): /mnt/c/Users/Mike/Downloads/thesis_workspace/snakemake-tutorial/.snakemake/log/2025-10-23T202506.528955.snakemake.log
