Assuming unrestricted shared filesystem usage.
host: DESKTOP-8FPLUCH
Building DAG of jobs...
Using shell: /usr/bin/bash
Provided cores: 16
Rules claiming more threads will be scaled down.
Job stats:
job           count
----------  -------
plot_quals        1
total             1

Select jobs to execute...
Execute 1 jobs...
[Fri Oct 24 15:07:45 2025]
localrule plot_quals:
    input: calls/all.vcf
    output: plots/quals.svg
    jobid: 0
    reason: Missing output files: plots/quals.svg
    resources: tmpdir=/tmp
[Fri Oct 24 15:07:48 2025]
Finished jobid: 0 (Rule: plot_quals)
1 of 1 steps (100%) done
Complete log(s): /mnt/c/Users/Mike/Downloads/thesis_workspace/snakemake-tutorial/.snakemake/log/2025-10-24T150745.680099.snakemake.log
